<?xml version="1.0" encoding="UTF-8"?>
<!-- Generated by org.testng.reporters.JUnitReportReporter -->
<testsuite hostname="DESKTOP-6ST94J7" failures="0" tests="1" name="LoginTest" time="3.718" errors="0" timestamp="2021-08-02T00:07:04 EDT" skipped="0">
  <testcase classname="LoginTest" name="longInTest" time="3.718"/>
</testsuite> <!-- LoginTest -->
